==3088== Memcheck, a memory error detector
==3088== Copyright (C) 2002-2017, and GNU GPL'd, by Julian Seward et al.
==3088== Using Valgrind-3.13.0 and LibVEX; rerun with -h for copyright info
==3088== Command: ./archivio 2 4
==3088== Parent PID: 3087
==3088== 
==3088== 
==3088== HEAP SUMMARY:
==3088==     in use at exit: 58,939 bytes in 6,034 blocks
==3088==   total heap usage: 10,987 allocs, 4,953 frees, 24,113,130 bytes allocated
==3088== 
==3088== 36 bytes in 1 blocks are still reachable in loss record 1 of 7
==3088==    at 0x4C31B0F: malloc (in /usr/lib/valgrind/vgpreload_memcheck-amd64-linux.so)
==3088==    by 0x401D509: strdup (strdup.c:42)
==3088==    by 0x401886E: _dl_load_cache_lookup (dl-cache.c:315)
==3088==    by 0x4009532: _dl_map_object (dl-load.c:2326)
==3088==    by 0x4015083: dl_open_worker (dl-open.c:235)
==3088==    by 0x51C416E: _dl_catch_exception (dl-error-skeleton.c:196)
==3088==    by 0x4014969: _dl_open (dl-open.c:605)
==3088==    by 0x51C323C: do_dlopen (dl-libc.c:96)
==3088==    by 0x51C416E: _dl_catch_exception (dl-error-skeleton.c:196)
==3088==    by 0x51C41FE: _dl_catch_error (dl-error-skeleton.c:215)
==3088==    by 0x51C3368: dlerror_run (dl-libc.c:46)
==3088==    by 0x51C3368: __libc_dlopen_mode (dl-libc.c:195)
==3088==    by 0x4E50EDA: pthread_cancel_init (unwind-forcedunwind.c:52)
==3088== 
==3088== 36 bytes in 1 blocks are still reachable in loss record 2 of 7
==3088==    at 0x4C31B0F: malloc (in /usr/lib/valgrind/vgpreload_memcheck-amd64-linux.so)
==3088==    by 0x400C597: _dl_new_object (dl-object.c:163)
==3088==    by 0x4006A04: _dl_map_object_from_fd (dl-load.c:998)
==3088==    by 0x40091AB: _dl_map_object (dl-load.c:2460)
==3088==    by 0x4015083: dl_open_worker (dl-open.c:235)
==3088==    by 0x51C416E: _dl_catch_exception (dl-error-skeleton.c:196)
==3088==    by 0x4014969: _dl_open (dl-open.c:605)
==3088==    by 0x51C323C: do_dlopen (dl-libc.c:96)
==3088==    by 0x51C416E: _dl_catch_exception (dl-error-skeleton.c:196)
==3088==    by 0x51C41FE: _dl_catch_error (dl-error-skeleton.c:215)
==3088==    by 0x51C3368: dlerror_run (dl-libc.c:46)
==3088==    by 0x51C3368: __libc_dlopen_mode (dl-libc.c:195)
==3088==    by 0x4E50EDA: pthread_cancel_init (unwind-forcedunwind.c:52)
==3088== 
==3088== 384 bytes in 1 blocks are still reachable in loss record 3 of 7
==3088==    at 0x4C33B25: calloc (in /usr/lib/valgrind/vgpreload_memcheck-amd64-linux.so)
==3088==    by 0x4012025: _dl_check_map_versions (dl-version.c:274)
==3088==    by 0x40153EB: dl_open_worker (dl-open.c:284)
==3088==    by 0x51C416E: _dl_catch_exception (dl-error-skeleton.c:196)
==3088==    by 0x4014969: _dl_open (dl-open.c:605)
==3088==    by 0x51C323C: do_dlopen (dl-libc.c:96)
==3088==    by 0x51C416E: _dl_catch_exception (dl-error-skeleton.c:196)
==3088==    by 0x51C41FE: _dl_catch_error (dl-error-skeleton.c:215)
==3088==    by 0x51C3368: dlerror_run (dl-libc.c:46)
==3088==    by 0x51C3368: __libc_dlopen_mode (dl-libc.c:195)
==3088==    by 0x4E50EDA: pthread_cancel_init (unwind-forcedunwind.c:52)
==3088==    by 0x4E510C3: _Unwind_ForcedUnwind (unwind-forcedunwind.c:126)
==3088==    by 0x4E4EFFF: __pthread_unwind (unwind.c:121)
==3088== 
==3088== 1,182 bytes in 1 blocks are still reachable in loss record 4 of 7
==3088==    at 0x4C33B25: calloc (in /usr/lib/valgrind/vgpreload_memcheck-amd64-linux.so)
==3088==    by 0x400C2B0: _dl_new_object (dl-object.c:73)
==3088==    by 0x4006A04: _dl_map_object_from_fd (dl-load.c:998)
==3088==    by 0x40091AB: _dl_map_object (dl-load.c:2460)
==3088==    by 0x4015083: dl_open_worker (dl-open.c:235)
==3088==    by 0x51C416E: _dl_catch_exception (dl-error-skeleton.c:196)
==3088==    by 0x4014969: _dl_open (dl-open.c:605)
==3088==    by 0x51C323C: do_dlopen (dl-libc.c:96)
==3088==    by 0x51C416E: _dl_catch_exception (dl-error-skeleton.c:196)
==3088==    by 0x51C41FE: _dl_catch_error (dl-error-skeleton.c:215)
==3088==    by 0x51C3368: dlerror_run (dl-libc.c:46)
==3088==    by 0x51C3368: __libc_dlopen_mode (dl-libc.c:195)
==3088==    by 0x4E50EDA: pthread_cancel_init (unwind-forcedunwind.c:52)
==3088== 
==3088== 8,040 bytes in 2,010 blocks are indirectly lost in loss record 5 of 7
==3088==    at 0x4C31B0F: malloc (in /usr/lib/valgrind/vgpreload_memcheck-amd64-linux.so)
==3088==    by 0x10A4DD: entry (tabella.c:14)
==3088==    by 0x10A545: aggiungi (tabella.c:28)
==3088==    by 0x10A92B: Writer (rw.c:44)
==3088==    by 0x4E456DA: start_thread (pthread_create.c:463)
==3088==    by 0x517E61E: clone (clone.S:95)
==3088== 
==3088== 17,101 bytes in 2,010 blocks are indirectly lost in loss record 6 of 7
==3088==    at 0x4C31B0F: malloc (in /usr/lib/valgrind/vgpreload_memcheck-amd64-linux.so)
==3088==    by 0x50FA9D9: strdup (strdup.c:42)
==3088==    by 0x10A4CD: entry (tabella.c:13)
==3088==    by 0x10A545: aggiungi (tabella.c:28)
==3088==    by 0x10A92B: Writer (rw.c:44)
==3088==    by 0x4E456DA: start_thread (pthread_create.c:463)
==3088==    by 0x517E61E: clone (clone.S:95)
==3088== 
==3088== 57,301 (32,160 direct, 25,141 indirect) bytes in 2,010 blocks are definitely lost in loss record 7 of 7
==3088==    at 0x4C31B0F: malloc (in /usr/lib/valgrind/vgpreload_memcheck-amd64-linux.so)
==3088==    by 0x10A4BD: entry (tabella.c:11)
==3088==    by 0x10A545: aggiungi (tabella.c:28)
==3088==    by 0x10A92B: Writer (rw.c:44)
==3088==    by 0x4E456DA: start_thread (pthread_create.c:463)
==3088==    by 0x517E61E: clone (clone.S:95)
==3088== 
==3088== LEAK SUMMARY:
==3088==    definitely lost: 32,160 bytes in 2,010 blocks
==3088==    indirectly lost: 25,141 bytes in 4,020 blocks
==3088==      possibly lost: 0 bytes in 0 blocks
==3088==    still reachable: 1,638 bytes in 4 blocks
==3088==         suppressed: 0 bytes in 0 blocks
==3088== 
==3088== For counts of detected and suppressed errors, rerun with: -v
==3088== ERROR SUMMARY: 1 errors from 1 contexts (suppressed: 0 from 0)
