==2756== Memcheck, a memory error detector
==2756== Copyright (C) 2002-2017, and GNU GPL'd, by Julian Seward et al.
==2756== Using Valgrind-3.13.0 and LibVEX; rerun with -h for copyright info
==2756== Command: ./archivio 3 3
==2756== Parent PID: 2754
==2756== 
==2756== Thread 3:
==2756== Conditional jump or move depends on uninitialised value(s)
==2756==    at 0x4C34D08: strlen (in /usr/lib/valgrind/vgpreload_memcheck-amd64-linux.so)
==2756==    by 0x50FA9CD: strdup (strdup.c:41)
==2756==    by 0x109CDC: Capo (in /home/carolina/lab_carolinaferrari/archivio)
==2756==    by 0x4E456DA: start_thread (pthread_create.c:463)
==2756==    by 0x517E61E: clone (clone.S:95)
==2756== 
==2756== Conditional jump or move depends on uninitialised value(s)
==2756==    at 0x4C34D08: strlen (in /usr/lib/valgrind/vgpreload_memcheck-amd64-linux.so)
==2756==    by 0x50BA4A2: vfprintf (vfprintf.c:1643)
==2756==    by 0x50C1EE5: printf (printf.c:33)
==2756==    by 0x109CF8: Capo (in /home/carolina/lab_carolinaferrari/archivio)
==2756==    by 0x4E456DA: start_thread (pthread_create.c:463)
==2756==    by 0x517E61E: clone (clone.S:95)
==2756== 
==2756== Conditional jump or move depends on uninitialised value(s)
==2756==    at 0x50E8A05: _IO_file_xsputn@@GLIBC_2.2.5 (fileops.c:1241)
==2756==    by 0x50B9FBA: vfprintf (vfprintf.c:1643)
==2756==    by 0x50C1EE5: printf (printf.c:33)
==2756==    by 0x109CF8: Capo (in /home/carolina/lab_carolinaferrari/archivio)
==2756==    by 0x4E456DA: start_thread (pthread_create.c:463)
==2756==    by 0x517E61E: clone (clone.S:95)
==2756== 
==2756== Conditional jump or move depends on uninitialised value(s)
==2756==    at 0x50EA2DD: _IO_file_overflow@@GLIBC_2.2.5 (fileops.c:789)
==2756==    by 0x50EB443: _IO_default_xsputn (genops.c:417)
==2756==    by 0x50E89D2: _IO_file_xsputn@@GLIBC_2.2.5 (fileops.c:1287)
==2756==    by 0x50B9FBA: vfprintf (vfprintf.c:1643)
==2756==    by 0x50C1EE5: printf (printf.c:33)
==2756==    by 0x109CF8: Capo (in /home/carolina/lab_carolinaferrari/archivio)
==2756==    by 0x4E456DA: start_thread (pthread_create.c:463)
==2756==    by 0x517E61E: clone (clone.S:95)
==2756== 
==2756== Conditional jump or move depends on uninitialised value(s)
==2756==    at 0x50EA30A: _IO_file_overflow@@GLIBC_2.2.5 (fileops.c:797)
==2756==    by 0x50EB443: _IO_default_xsputn (genops.c:417)
==2756==    by 0x50E89D2: _IO_file_xsputn@@GLIBC_2.2.5 (fileops.c:1287)
==2756==    by 0x50B9FBA: vfprintf (vfprintf.c:1643)
==2756==    by 0x50C1EE5: printf (printf.c:33)
==2756==    by 0x109CF8: Capo (in /home/carolina/lab_carolinaferrari/archivio)
==2756==    by 0x4E456DA: start_thread (pthread_create.c:463)
==2756==    by 0x517E61E: clone (clone.S:95)
==2756== 
==2756== Conditional jump or move depends on uninitialised value(s)
==2756==    at 0x50EB447: _IO_default_xsputn (genops.c:417)
==2756==    by 0x50E89D2: _IO_file_xsputn@@GLIBC_2.2.5 (fileops.c:1287)
==2756==    by 0x50B9FBA: vfprintf (vfprintf.c:1643)
==2756==    by 0x50C1EE5: printf (printf.c:33)
==2756==    by 0x109CF8: Capo (in /home/carolina/lab_carolinaferrari/archivio)
==2756==    by 0x4E456DA: start_thread (pthread_create.c:463)
==2756==    by 0x517E61E: clone (clone.S:95)
==2756== 
==2756== Syscall param write(buf) points to uninitialised byte(s)
==2756==    at 0x516D137: write (write.c:27)
==2756==    by 0x50E815C: _IO_file_write@@GLIBC_2.2.5 (fileops.c:1203)
==2756==    by 0x50E9F00: new_do_write (fileops.c:457)
==2756==    by 0x50E9F00: _IO_do_write@@GLIBC_2.2.5 (fileops.c:433)
==2756==    by 0x50E898C: _IO_file_xsputn@@GLIBC_2.2.5 (fileops.c:1266)
==2756==    by 0x50B8979: vfprintf (vfprintf.c:1674)
==2756==    by 0x50C1EE5: printf (printf.c:33)
==2756==    by 0x109CF8: Capo (in /home/carolina/lab_carolinaferrari/archivio)
==2756==    by 0x4E456DA: start_thread (pthread_create.c:463)
==2756==    by 0x517E61E: clone (clone.S:95)
==2756==  Address 0x6b34640 is 0 bytes inside a block of size 1,024 alloc'd
==2756==    at 0x4C31B0F: malloc (in /usr/lib/valgrind/vgpreload_memcheck-amd64-linux.so)
==2756==    by 0x50DB13B: _IO_file_doallocate (filedoalloc.c:101)
==2756==    by 0x50EB328: _IO_doallocbuf (genops.c:365)
==2756==    by 0x50EA447: _IO_file_overflow@@GLIBC_2.2.5 (fileops.c:759)
==2756==    by 0x50E898C: _IO_file_xsputn@@GLIBC_2.2.5 (fileops.c:1266)
==2756==    by 0x50B8503: vfprintf (vfprintf.c:1328)
==2756==    by 0x50C1EE5: printf (printf.c:33)
==2756==    by 0x109CF8: Capo (in /home/carolina/lab_carolinaferrari/archivio)
==2756==    by 0x4E456DA: start_thread (pthread_create.c:463)
==2756==    by 0x517E61E: clone (clone.S:95)
==2756== 
==2756== Conditional jump or move depends on uninitialised value(s)
==2756==    at 0x50FB955: strtok_r (strtok_r.c:49)
==2756==    by 0x109DB2: Capo (in /home/carolina/lab_carolinaferrari/archivio)
==2756==    by 0x4E456DA: start_thread (pthread_create.c:463)
==2756==    by 0x517E61E: clone (clone.S:95)
==2756== 
==2756== Conditional jump or move depends on uninitialised value(s)
==2756==    at 0x4C399B4: strspn (in /usr/lib/valgrind/vgpreload_memcheck-amd64-linux.so)
==2756==    by 0x50FB961: strtok_r (strtok_r.c:56)
==2756==    by 0x109DB2: Capo (in /home/carolina/lab_carolinaferrari/archivio)
==2756==    by 0x4E456DA: start_thread (pthread_create.c:463)
==2756==    by 0x517E61E: clone (clone.S:95)
==2756== 
==2756== Conditional jump or move depends on uninitialised value(s)
==2756==    at 0x4C399C7: strspn (in /usr/lib/valgrind/vgpreload_memcheck-amd64-linux.so)
==2756==    by 0x50FB961: strtok_r (strtok_r.c:56)
==2756==    by 0x109DB2: Capo (in /home/carolina/lab_carolinaferrari/archivio)
==2756==    by 0x4E456DA: start_thread (pthread_create.c:463)
==2756==    by 0x517E61E: clone (clone.S:95)
==2756== 
==2756== Conditional jump or move depends on uninitialised value(s)
==2756==    at 0x50FB968: strtok_r (strtok_r.c:57)
==2756==    by 0x109DB2: Capo (in /home/carolina/lab_carolinaferrari/archivio)
==2756==    by 0x4E456DA: start_thread (pthread_create.c:463)
==2756==    by 0x517E61E: clone (clone.S:95)
==2756== 
==2756== Conditional jump or move depends on uninitialised value(s)
==2756==    at 0x4C398F2: strcspn (in /usr/lib/valgrind/vgpreload_memcheck-amd64-linux.so)
==2756==    by 0x50FB974: strtok_r (strtok_r.c:64)
==2756==    by 0x109DB2: Capo (in /home/carolina/lab_carolinaferrari/archivio)
==2756==    by 0x4E456DA: start_thread (pthread_create.c:463)
==2756==    by 0x517E61E: clone (clone.S:95)
==2756== 
==2756== Conditional jump or move depends on uninitialised value(s)
==2756==    at 0x4C39908: strcspn (in /usr/lib/valgrind/vgpreload_memcheck-amd64-linux.so)
==2756==    by 0x50FB974: strtok_r (strtok_r.c:64)
==2756==    by 0x109DB2: Capo (in /home/carolina/lab_carolinaferrari/archivio)
==2756==    by 0x4E456DA: start_thread (pthread_create.c:463)
==2756==    by 0x517E61E: clone (clone.S:95)
==2756== 
==2756== Conditional jump or move depends on uninitialised value(s)
==2756==    at 0x4C39917: strcspn (in /usr/lib/valgrind/vgpreload_memcheck-amd64-linux.so)
==2756==    by 0x50FB974: strtok_r (strtok_r.c:64)
==2756==    by 0x109DB2: Capo (in /home/carolina/lab_carolinaferrari/archivio)
==2756==    by 0x4E456DA: start_thread (pthread_create.c:463)
==2756==    by 0x517E61E: clone (clone.S:95)
==2756== 
==2756== Conditional jump or move depends on uninitialised value(s)
==2756==    at 0x4C34CF9: strlen (in /usr/lib/valgrind/vgpreload_memcheck-amd64-linux.so)
==2756==    by 0x50FA9CD: strdup (strdup.c:41)
==2756==    by 0x109D70: Capo (in /home/carolina/lab_carolinaferrari/archivio)
==2756==    by 0x4E456DA: start_thread (pthread_create.c:463)
==2756==    by 0x517E61E: clone (clone.S:95)
==2756== 
==2756== Thread 7:
==2756== Conditional jump or move depends on uninitialised value(s)
==2756==    at 0x4C34CF9: strlen (in /usr/lib/valgrind/vgpreload_memcheck-amd64-linux.so)
==2756==    by 0x50BA4A2: vfprintf (vfprintf.c:1643)
==2756==    by 0x50C1EE5: printf (printf.c:33)
==2756==    by 0x109B18: Writer (in /home/carolina/lab_carolinaferrari/archivio)
==2756==    by 0x4E456DA: start_thread (pthread_create.c:463)
==2756==    by 0x517E61E: clone (clone.S:95)
==2756== 
==2756== Conditional jump or move depends on uninitialised value(s)
==2756==    at 0x50E8A05: _IO_file_xsputn@@GLIBC_2.2.5 (fileops.c:1241)
==2756==    by 0x50B9FBA: vfprintf (vfprintf.c:1643)
==2756==    by 0x50C1EE5: printf (printf.c:33)
==2756==    by 0x109B18: Writer (in /home/carolina/lab_carolinaferrari/archivio)
==2756==    by 0x4E456DA: start_thread (pthread_create.c:463)
==2756==    by 0x517E61E: clone (clone.S:95)
==2756== 
==2756== Conditional jump or move depends on uninitialised value(s)
==2756==    at 0x4C34CF9: strlen (in /usr/lib/valgrind/vgpreload_memcheck-amd64-linux.so)
==2756==    by 0x50FA9CD: strdup (strdup.c:41)
==2756==    by 0x1093E3: entry (in /home/carolina/lab_carolinaferrari/archivio)
==2756==    by 0x10949D: aggiungi (in /home/carolina/lab_carolinaferrari/archivio)
==2756==    by 0x109B37: Writer (in /home/carolina/lab_carolinaferrari/archivio)
==2756==    by 0x4E456DA: start_thread (pthread_create.c:463)
==2756==    by 0x517E61E: clone (clone.S:95)
==2756== 
==2756== Conditional jump or move depends on uninitialised value(s)
==2756==    at 0x4C34CF9: strlen (in /usr/lib/valgrind/vgpreload_memcheck-amd64-linux.so)
==2756==    by 0x5179C96: hsearch_r (hsearch_r.c:150)
==2756==    by 0x5179B12: hsearch (hsearch.c:31)
==2756==    by 0x1094C8: aggiungi (in /home/carolina/lab_carolinaferrari/archivio)
==2756==    by 0x109B37: Writer (in /home/carolina/lab_carolinaferrari/archivio)
==2756==    by 0x4E456DA: start_thread (pthread_create.c:463)
==2756==    by 0x517E61E: clone (clone.S:95)
==2756== 
==2756== Use of uninitialised value of size 8
==2756==    at 0x5179CEC: hsearch_r (hsearch_r.c:167)
==2756==    by 0x5179B12: hsearch (hsearch.c:31)
==2756==    by 0x1094C8: aggiungi (in /home/carolina/lab_carolinaferrari/archivio)
==2756==    by 0x109B37: Writer (in /home/carolina/lab_carolinaferrari/archivio)
==2756==    by 0x4E456DA: start_thread (pthread_create.c:463)
==2756==    by 0x517E61E: clone (clone.S:95)
==2756== 
==2756== Conditional jump or move depends on uninitialised value(s)
==2756==    at 0x4C34CF9: strlen (in /usr/lib/valgrind/vgpreload_memcheck-amd64-linux.so)
==2756==    by 0x5179C96: hsearch_r (hsearch_r.c:150)
==2756==    by 0x5179B12: hsearch (hsearch.c:31)
==2756==    by 0x109506: aggiungi (in /home/carolina/lab_carolinaferrari/archivio)
==2756==    by 0x109B37: Writer (in /home/carolina/lab_carolinaferrari/archivio)
==2756==    by 0x4E456DA: start_thread (pthread_create.c:463)
==2756==    by 0x517E61E: clone (clone.S:95)
==2756== 
==2756== Use of uninitialised value of size 8
==2756==    at 0x5179CEC: hsearch_r (hsearch_r.c:167)
==2756==    by 0x5179B12: hsearch (hsearch.c:31)
==2756==    by 0x109506: aggiungi (in /home/carolina/lab_carolinaferrari/archivio)
==2756==    by 0x109B37: Writer (in /home/carolina/lab_carolinaferrari/archivio)
==2756==    by 0x4E456DA: start_thread (pthread_create.c:463)
==2756==    by 0x517E61E: clone (clone.S:95)
==2756== 
==2756== Use of uninitialised value of size 8
==2756==    at 0x5179DEA: hsearch_r (hsearch_r.c:217)
==2756==    by 0x5179B12: hsearch (hsearch.c:31)
==2756==    by 0x109506: aggiungi (in /home/carolina/lab_carolinaferrari/archivio)
==2756==    by 0x109B37: Writer (in /home/carolina/lab_carolinaferrari/archivio)
==2756==    by 0x4E456DA: start_thread (pthread_create.c:463)
==2756==    by 0x517E61E: clone (clone.S:95)
==2756== 
==2756== Thread 3:
==2756== Conditional jump or move depends on uninitialised value(s)
==2756==    at 0x4C399E9: strspn (in /usr/lib/valgrind/vgpreload_memcheck-amd64-linux.so)
==2756==    by 0x50FB961: strtok_r (strtok_r.c:56)
==2756==    by 0x109DB2: Capo (in /home/carolina/lab_carolinaferrari/archivio)
==2756==    by 0x4E456DA: start_thread (pthread_create.c:463)
==2756==    by 0x517E61E: clone (clone.S:95)
==2756== 
==2756== Conditional jump or move depends on uninitialised value(s)
==2756==    at 0x4C399E9: strspn (in /usr/lib/valgrind/vgpreload_memcheck-amd64-linux.so)
==2756==    by 0x50FB961: strtok_r (strtok_r.c:56)
==2756==    by 0x109D0F: Capo (in /home/carolina/lab_carolinaferrari/archivio)
==2756==    by 0x4E456DA: start_thread (pthread_create.c:463)
==2756==    by 0x517E61E: clone (clone.S:95)
==2756== 
==2756== Conditional jump or move depends on uninitialised value(s)
==2756==    at 0x50FB968: strtok_r (strtok_r.c:57)
==2756==    by 0x109D0F: Capo (in /home/carolina/lab_carolinaferrari/archivio)
==2756==    by 0x4E456DA: start_thread (pthread_create.c:463)
==2756==    by 0x517E61E: clone (clone.S:95)
==2756== 
==2756== Thread 7:
==2756== Conditional jump or move depends on uninitialised value(s)
==2756==    at 0x5179CF1: hsearch_r (hsearch_r.c:167)
==2756==    by 0x5179B12: hsearch (hsearch.c:31)
==2756==    by 0x1094C8: aggiungi (in /home/carolina/lab_carolinaferrari/archivio)
==2756==    by 0x109B37: Writer (in /home/carolina/lab_carolinaferrari/archivio)
==2756==    by 0x4E456DA: start_thread (pthread_create.c:463)
==2756==    by 0x517E61E: clone (clone.S:95)
==2756== 
==2756== Conditional jump or move depends on uninitialised value(s)
==2756==    at 0x5179CF5: hsearch_r (hsearch_r.c:170)
==2756==    by 0x5179B12: hsearch (hsearch.c:31)
==2756==    by 0x1094C8: aggiungi (in /home/carolina/lab_carolinaferrari/archivio)
==2756==    by 0x109B37: Writer (in /home/carolina/lab_carolinaferrari/archivio)
==2756==    by 0x4E456DA: start_thread (pthread_create.c:463)
==2756==    by 0x517E61E: clone (clone.S:95)
==2756== 
==2756== Use of uninitialised value of size 8
==2756==    at 0x5179E20: hsearch_r (hsearch_r.c:171)
==2756==    by 0x5179B12: hsearch (hsearch.c:31)
==2756==    by 0x1094C8: aggiungi (in /home/carolina/lab_carolinaferrari/archivio)
==2756==    by 0x109B37: Writer (in /home/carolina/lab_carolinaferrari/archivio)
==2756==    by 0x4E456DA: start_thread (pthread_create.c:463)
==2756==    by 0x517E61E: clone (clone.S:95)
==2756== 
==2756== Conditional jump or move depends on uninitialised value(s)
==2756==    at 0x4C35DAC: strcmp (in /usr/lib/valgrind/vgpreload_memcheck-amd64-linux.so)
==2756==    by 0x5179E2F: hsearch_r (hsearch_r.c:171)
==2756==    by 0x5179B12: hsearch (hsearch.c:31)
==2756==    by 0x1094C8: aggiungi (in /home/carolina/lab_carolinaferrari/archivio)
==2756==    by 0x109B37: Writer (in /home/carolina/lab_carolinaferrari/archivio)
==2756==    by 0x4E456DA: start_thread (pthread_create.c:463)
==2756==    by 0x517E61E: clone (clone.S:95)
==2756== 
==2756== Conditional jump or move depends on uninitialised value(s)
==2756==    at 0x4C35DB0: strcmp (in /usr/lib/valgrind/vgpreload_memcheck-amd64-linux.so)
==2756==    by 0x5179E2F: hsearch_r (hsearch_r.c:171)
==2756==    by 0x5179B12: hsearch (hsearch.c:31)
==2756==    by 0x1094C8: aggiungi (in /home/carolina/lab_carolinaferrari/archivio)
==2756==    by 0x109B37: Writer (in /home/carolina/lab_carolinaferrari/archivio)
==2756==    by 0x4E456DA: start_thread (pthread_create.c:463)
==2756==    by 0x517E61E: clone (clone.S:95)
==2756== 
==2756== Conditional jump or move depends on uninitialised value(s)
==2756==    at 0x1094DE: aggiungi (in /home/carolina/lab_carolinaferrari/archivio)
==2756==    by 0x109B37: Writer (in /home/carolina/lab_carolinaferrari/archivio)
==2756==    by 0x4E456DA: start_thread (pthread_create.c:463)
==2756==    by 0x517E61E: clone (clone.S:95)
==2756== 
==2756== Use of uninitialised value of size 8
==2756==    at 0x10953F: aggiungi (in /home/carolina/lab_carolinaferrari/archivio)
==2756==    by 0x109B37: Writer (in /home/carolina/lab_carolinaferrari/archivio)
==2756==    by 0x4E456DA: start_thread (pthread_create.c:463)
==2756==    by 0x517E61E: clone (clone.S:95)
==2756== 
==2756== Conditional jump or move depends on uninitialised value(s)
==2756==    at 0x4C35DAC: strcmp (in /usr/lib/valgrind/vgpreload_memcheck-amd64-linux.so)
==2756==    by 0x109553: aggiungi (in /home/carolina/lab_carolinaferrari/archivio)
==2756==    by 0x109B37: Writer (in /home/carolina/lab_carolinaferrari/archivio)
==2756==    by 0x4E456DA: start_thread (pthread_create.c:463)
==2756==    by 0x517E61E: clone (clone.S:95)
==2756== 
==2756== Conditional jump or move depends on uninitialised value(s)
==2756==    at 0x4C35DB0: strcmp (in /usr/lib/valgrind/vgpreload_memcheck-amd64-linux.so)
==2756==    by 0x109553: aggiungi (in /home/carolina/lab_carolinaferrari/archivio)
==2756==    by 0x109B37: Writer (in /home/carolina/lab_carolinaferrari/archivio)
==2756==    by 0x4E456DA: start_thread (pthread_create.c:463)
==2756==    by 0x517E61E: clone (clone.S:95)
==2756== 
==2756== Use of uninitialised value of size 8
==2756==    at 0x10957B: aggiungi (in /home/carolina/lab_carolinaferrari/archivio)
==2756==    by 0x109B37: Writer (in /home/carolina/lab_carolinaferrari/archivio)
==2756==    by 0x4E456DA: start_thread (pthread_create.c:463)
==2756==    by 0x517E61E: clone (clone.S:95)
==2756== 
==2756== Thread 4:
==2756== Conditional jump or move depends on uninitialised value(s)
==2756==    at 0x4C34CF9: strlen (in /usr/lib/valgrind/vgpreload_memcheck-amd64-linux.so)
==2756==    by 0x50BA4A2: vfprintf (vfprintf.c:1643)
==2756==    by 0x50C1EE5: printf (printf.c:33)
==2756==    by 0x109976: Reader (in /home/carolina/lab_carolinaferrari/archivio)
==2756==    by 0x4E456DA: start_thread (pthread_create.c:463)
==2756==    by 0x517E61E: clone (clone.S:95)
==2756== 
==2756== Conditional jump or move depends on uninitialised value(s)
==2756==    at 0x50E8A05: _IO_file_xsputn@@GLIBC_2.2.5 (fileops.c:1241)
==2756==    by 0x50B9FBA: vfprintf (vfprintf.c:1643)
==2756==    by 0x50C1EE5: printf (printf.c:33)
==2756==    by 0x109976: Reader (in /home/carolina/lab_carolinaferrari/archivio)
==2756==    by 0x4E456DA: start_thread (pthread_create.c:463)
==2756==    by 0x517E61E: clone (clone.S:95)
==2756== 
==2756== Conditional jump or move depends on uninitialised value(s)
==2756==    at 0x4C34CF9: strlen (in /usr/lib/valgrind/vgpreload_memcheck-amd64-linux.so)
==2756==    by 0x50FA9CD: strdup (strdup.c:41)
==2756==    by 0x1093E3: entry (in /home/carolina/lab_carolinaferrari/archivio)
==2756==    by 0x1095BD: conta (in /home/carolina/lab_carolinaferrari/archivio)
==2756==    by 0x109999: Reader (in /home/carolina/lab_carolinaferrari/archivio)
==2756==    by 0x4E456DA: start_thread (pthread_create.c:463)
==2756==    by 0x517E61E: clone (clone.S:95)
==2756== 
==2756== Conditional jump or move depends on uninitialised value(s)
==2756==    at 0x4C34CF9: strlen (in /usr/lib/valgrind/vgpreload_memcheck-amd64-linux.so)
==2756==    by 0x5179C96: hsearch_r (hsearch_r.c:150)
==2756==    by 0x5179B12: hsearch (hsearch.c:31)
==2756==    by 0x1095E8: conta (in /home/carolina/lab_carolinaferrari/archivio)
==2756==    by 0x109999: Reader (in /home/carolina/lab_carolinaferrari/archivio)
==2756==    by 0x4E456DA: start_thread (pthread_create.c:463)
==2756==    by 0x517E61E: clone (clone.S:95)
==2756== 
==2756== Use of uninitialised value of size 8
==2756==    at 0x5179CEC: hsearch_r (hsearch_r.c:167)
==2756==    by 0x5179B12: hsearch (hsearch.c:31)
==2756==    by 0x1095E8: conta (in /home/carolina/lab_carolinaferrari/archivio)
==2756==    by 0x109999: Reader (in /home/carolina/lab_carolinaferrari/archivio)
==2756==    by 0x4E456DA: start_thread (pthread_create.c:463)
==2756==    by 0x517E61E: clone (clone.S:95)
==2756== 
==2756== Conditional jump or move depends on uninitialised value(s)
==2756==    at 0x5179CF1: hsearch_r (hsearch_r.c:167)
==2756==    by 0x5179B12: hsearch (hsearch.c:31)
==2756==    by 0x1095E8: conta (in /home/carolina/lab_carolinaferrari/archivio)
==2756==    by 0x109999: Reader (in /home/carolina/lab_carolinaferrari/archivio)
==2756==    by 0x4E456DA: start_thread (pthread_create.c:463)
==2756==    by 0x517E61E: clone (clone.S:95)
==2756== 
==2756== Conditional jump or move depends on uninitialised value(s)
==2756==    at 0x5179CF5: hsearch_r (hsearch_r.c:170)
==2756==    by 0x5179B12: hsearch (hsearch.c:31)
==2756==    by 0x1095E8: conta (in /home/carolina/lab_carolinaferrari/archivio)
==2756==    by 0x109999: Reader (in /home/carolina/lab_carolinaferrari/archivio)
==2756==    by 0x4E456DA: start_thread (pthread_create.c:463)
==2756==    by 0x517E61E: clone (clone.S:95)
==2756== 
==2756== Use of uninitialised value of size 8
==2756==    at 0x5179E20: hsearch_r (hsearch_r.c:171)
==2756==    by 0x5179B12: hsearch (hsearch.c:31)
==2756==    by 0x1095E8: conta (in /home/carolina/lab_carolinaferrari/archivio)
==2756==    by 0x109999: Reader (in /home/carolina/lab_carolinaferrari/archivio)
==2756==    by 0x4E456DA: start_thread (pthread_create.c:463)
==2756==    by 0x517E61E: clone (clone.S:95)
==2756== 
==2756== Conditional jump or move depends on uninitialised value(s)
==2756==    at 0x4C35DAC: strcmp (in /usr/lib/valgrind/vgpreload_memcheck-amd64-linux.so)
==2756==    by 0x5179E2F: hsearch_r (hsearch_r.c:171)
==2756==    by 0x5179B12: hsearch (hsearch.c:31)
==2756==    by 0x1095E8: conta (in /home/carolina/lab_carolinaferrari/archivio)
==2756==    by 0x109999: Reader (in /home/carolina/lab_carolinaferrari/archivio)
==2756==    by 0x4E456DA: start_thread (pthread_create.c:463)
==2756==    by 0x517E61E: clone (clone.S:95)
==2756== 
==2756== Conditional jump or move depends on uninitialised value(s)
==2756==    at 0x4C35DB0: strcmp (in /usr/lib/valgrind/vgpreload_memcheck-amd64-linux.so)
==2756==    by 0x5179E2F: hsearch_r (hsearch_r.c:171)
==2756==    by 0x5179B12: hsearch (hsearch.c:31)
==2756==    by 0x1095E8: conta (in /home/carolina/lab_carolinaferrari/archivio)
==2756==    by 0x109999: Reader (in /home/carolina/lab_carolinaferrari/archivio)
==2756==    by 0x4E456DA: start_thread (pthread_create.c:463)
==2756==    by 0x517E61E: clone (clone.S:95)
==2756== 
==2756== Conditional jump or move depends on uninitialised value(s)
==2756==    at 0x10960A: conta (in /home/carolina/lab_carolinaferrari/archivio)
==2756==    by 0x109999: Reader (in /home/carolina/lab_carolinaferrari/archivio)
==2756==    by 0x4E456DA: start_thread (pthread_create.c:463)
==2756==    by 0x517E61E: clone (clone.S:95)
==2756== 
==2756== Use of uninitialised value of size 8
==2756==    at 0x109617: conta (in /home/carolina/lab_carolinaferrari/archivio)
==2756==    by 0x109999: Reader (in /home/carolina/lab_carolinaferrari/archivio)
==2756==    by 0x4E456DA: start_thread (pthread_create.c:463)
==2756==    by 0x517E61E: clone (clone.S:95)
==2756== 
==2756== Conditional jump or move depends on uninitialised value(s)
==2756==    at 0x4C34CF9: strlen (in /usr/lib/valgrind/vgpreload_memcheck-amd64-linux.so)
==2756==    by 0x50BA4A2: vfprintf (vfprintf.c:1643)
==2756==    by 0x50C1EE5: printf (printf.c:33)
==2756==    by 0x1099C3: Reader (in /home/carolina/lab_carolinaferrari/archivio)
==2756==    by 0x4E456DA: start_thread (pthread_create.c:463)
==2756==    by 0x517E61E: clone (clone.S:95)
==2756== 
==2756== Conditional jump or move depends on uninitialised value(s)
==2756==    at 0x50E8A05: _IO_file_xsputn@@GLIBC_2.2.5 (fileops.c:1241)
==2756==    by 0x50B9FBA: vfprintf (vfprintf.c:1643)
==2756==    by 0x50C1EE5: printf (printf.c:33)
==2756==    by 0x1099C3: Reader (in /home/carolina/lab_carolinaferrari/archivio)
==2756==    by 0x4E456DA: start_thread (pthread_create.c:463)
==2756==    by 0x517E61E: clone (clone.S:95)
==2756== 
==2756== Conditional jump or move depends on uninitialised value(s)
==2756==    at 0x4C34CF9: strlen (in /usr/lib/valgrind/vgpreload_memcheck-amd64-linux.so)
==2756==    by 0x50BA4A2: vfprintf (vfprintf.c:1643)
==2756==    by 0x50C1E13: fprintf (fprintf.c:32)
==2756==    by 0x1099F5: Reader (in /home/carolina/lab_carolinaferrari/archivio)
==2756==    by 0x4E456DA: start_thread (pthread_create.c:463)
==2756==    by 0x517E61E: clone (clone.S:95)
==2756== 
==2756== 
==2756== Process terminating with default action of signal 2 (SIGINT)
==2756==    at 0x4E46D2D: __pthread_timedjoin_ex (pthread_join_common.c:89)
==2756==    by 0x10AC12: main (in /home/carolina/lab_carolinaferrari/archivio)
==2756== Thread 1:
==2756== Syscall param write(buf) points to uninitialised byte(s)
==2756==    at 0x516D137: write (write.c:27)
==2756==    by 0x50E815C: _IO_file_write@@GLIBC_2.2.5 (fileops.c:1203)
==2756==    by 0x50E9F00: new_do_write (fileops.c:457)
==2756==    by 0x50E9F00: _IO_do_write@@GLIBC_2.2.5 (fileops.c:433)
==2756==    by 0x50EC1B1: _IO_flush_all_lockp (genops.c:769)
==2756==    by 0x50EC3B4: _IO_cleanup (genops.c:929)
==2756==    by 0x51F7647: __libc_freeres (in /lib/x86_64-linux-gnu/libc-2.27.so)
==2756==    by 0x4A2C671: _vgnU_freeres (in /usr/lib/valgrind/vgpreload_core-amd64-linux.so)
==2756==    by 0xFFF: ???
==2756==  Address 0x6c52b76 is 86 bytes inside a block of size 4,096 alloc'd
==2756==    at 0x4C31B0F: malloc (in /usr/lib/valgrind/vgpreload_memcheck-amd64-linux.so)
==2756==    by 0x50DB13B: _IO_file_doallocate (filedoalloc.c:101)
==2756==    by 0x50EB328: _IO_doallocbuf (genops.c:365)
==2756==    by 0x50EA447: _IO_file_overflow@@GLIBC_2.2.5 (fileops.c:759)
==2756==    by 0x50E898C: _IO_file_xsputn@@GLIBC_2.2.5 (fileops.c:1266)
==2756==    by 0x50B9FBA: vfprintf (vfprintf.c:1643)
==2756==    by 0x50C1E13: fprintf (fprintf.c:32)
==2756==    by 0x1099F5: Reader (in /home/carolina/lab_carolinaferrari/archivio)
==2756==    by 0x4E456DA: start_thread (pthread_create.c:463)
==2756==    by 0x517E61E: clone (clone.S:95)
==2756== 
==2756== 
==2756== HEAP SUMMARY:
==2756==     in use at exit: 108,892 bytes in 11,266 blocks
==2756==   total heap usage: 14,668 allocs, 3,402 frees, 24,140,334 bytes allocated
==2756== 
==2756== 31 bytes in 2 blocks are still reachable in loss record 1 of 13
==2756==    at 0x4C31B0F: malloc (in /usr/lib/valgrind/vgpreload_memcheck-amd64-linux.so)
==2756==    by 0x50FA9D9: strdup (strdup.c:42)
==2756==    by 0x109CDC: Capo (in /home/carolina/lab_carolinaferrari/archivio)
==2756==    by 0x4E456DA: start_thread (pthread_create.c:463)
==2756==    by 0x517E61E: clone (clone.S:95)
==2756== 
==2756== 146 bytes in 20 blocks are still reachable in loss record 2 of 13
==2756==    at 0x4C31B0F: malloc (in /usr/lib/valgrind/vgpreload_memcheck-amd64-linux.so)
==2756==    by 0x50FA9D9: strdup (strdup.c:42)
==2756==    by 0x109D70: Capo (in /home/carolina/lab_carolinaferrari/archivio)
==2756==    by 0x4E456DA: start_thread (pthread_create.c:463)
==2756==    by 0x517E61E: clone (clone.S:95)
==2756== 
==2756== 272 bytes in 1 blocks are possibly lost in loss record 3 of 13
==2756==    at 0x4C33B25: calloc (in /usr/lib/valgrind/vgpreload_memcheck-amd64-linux.so)
==2756==    by 0x4013646: allocate_dtv (dl-tls.c:286)
==2756==    by 0x4013646: _dl_allocate_tls (dl-tls.c:530)
==2756==    by 0x4E46227: allocate_stack (allocatestack.c:627)
==2756==    by 0x4E46227: pthread_create@@GLIBC_2.2.5 (pthread_create.c:644)
==2756==    by 0x10A352: main (in /home/carolina/lab_carolinaferrari/archivio)
==2756== 
==2756== 272 bytes in 1 blocks are possibly lost in loss record 4 of 13
==2756==    at 0x4C33B25: calloc (in /usr/lib/valgrind/vgpreload_memcheck-amd64-linux.so)
==2756==    by 0x4013646: allocate_dtv (dl-tls.c:286)
==2756==    by 0x4013646: _dl_allocate_tls (dl-tls.c:530)
==2756==    by 0x4E46227: allocate_stack (allocatestack.c:627)
==2756==    by 0x4E46227: pthread_create@@GLIBC_2.2.5 (pthread_create.c:644)
==2756==    by 0x10A3F4: main (in /home/carolina/lab_carolinaferrari/archivio)
==2756== 
==2756== 552 bytes in 1 blocks are still reachable in loss record 5 of 13
==2756==    at 0x4C31B0F: malloc (in /usr/lib/valgrind/vgpreload_memcheck-amd64-linux.so)
==2756==    by 0x50DBDF9: __fopen_internal (iofopen.c:65)
==2756==    by 0x50DBDF9: fopen@@GLIBC_2.2.5 (iofopen.c:89)
==2756==    by 0x10A084: main (in /home/carolina/lab_carolinaferrari/archivio)
==2756== 
==2756== 816 bytes in 3 blocks are possibly lost in loss record 6 of 13
==2756==    at 0x4C33B25: calloc (in /usr/lib/valgrind/vgpreload_memcheck-amd64-linux.so)
==2756==    by 0x4013646: allocate_dtv (dl-tls.c:286)
==2756==    by 0x4013646: _dl_allocate_tls (dl-tls.c:530)
==2756==    by 0x4E46227: allocate_stack (allocatestack.c:627)
==2756==    by 0x4E46227: pthread_create@@GLIBC_2.2.5 (pthread_create.c:644)
==2756==    by 0x10A92B: main (in /home/carolina/lab_carolinaferrari/archivio)
==2756== 
==2756== 816 bytes in 3 blocks are possibly lost in loss record 7 of 13
==2756==    at 0x4C33B25: calloc (in /usr/lib/valgrind/vgpreload_memcheck-amd64-linux.so)
==2756==    by 0x4013646: allocate_dtv (dl-tls.c:286)
==2756==    by 0x4013646: _dl_allocate_tls (dl-tls.c:530)
==2756==    by 0x4E46227: allocate_stack (allocatestack.c:627)
==2756==    by 0x4E46227: pthread_create@@GLIBC_2.2.5 (pthread_create.c:644)
==2756==    by 0x10AB9E: main (in /home/carolina/lab_carolinaferrari/archivio)
==2756== 
==2756== 6,144 bytes in 3 blocks are definitely lost in loss record 8 of 13
==2756==    at 0x4C31B0F: malloc (in /usr/lib/valgrind/vgpreload_memcheck-amd64-linux.so)
==2756==    by 0x1098A3: Reader (in /home/carolina/lab_carolinaferrari/archivio)
==2756==    by 0x4E456DA: start_thread (pthread_create.c:463)
==2756==    by 0x517E61E: clone (clone.S:95)
==2756== 
==2756== 8,068 bytes in 2,017 blocks are indirectly lost in loss record 9 of 13
==2756==    at 0x4C31B0F: malloc (in /usr/lib/valgrind/vgpreload_memcheck-amd64-linux.so)
==2756==    by 0x1093F7: entry (in /home/carolina/lab_carolinaferrari/archivio)
==2756==    by 0x10949D: aggiungi (in /home/carolina/lab_carolinaferrari/archivio)
==2756==    by 0x109B37: Writer (in /home/carolina/lab_carolinaferrari/archivio)
==2756==    by 0x4E456DA: start_thread (pthread_create.c:463)
==2756==    by 0x517E61E: clone (clone.S:95)
==2756== 
==2756== 17,115 bytes in 2,017 blocks are indirectly lost in loss record 10 of 13
==2756==    at 0x4C31B0F: malloc (in /usr/lib/valgrind/vgpreload_memcheck-amd64-linux.so)
==2756==    by 0x50FA9D9: strdup (strdup.c:42)
==2756==    by 0x1093E3: entry (in /home/carolina/lab_carolinaferrari/archivio)
==2756==    by 0x10949D: aggiungi (in /home/carolina/lab_carolinaferrari/archivio)
==2756==    by 0x109B37: Writer (in /home/carolina/lab_carolinaferrari/archivio)
==2756==    by 0x4E456DA: start_thread (pthread_create.c:463)
==2756==    by 0x517E61E: clone (clone.S:95)
==2756== 
==2756== 20,535 bytes in 3,130 blocks are definitely lost in loss record 11 of 13
==2756==    at 0x4C31B0F: malloc (in /usr/lib/valgrind/vgpreload_memcheck-amd64-linux.so)
==2756==    by 0x50FA9D9: strdup (strdup.c:42)
==2756==    by 0x109D70: Capo (in /home/carolina/lab_carolinaferrari/archivio)
==2756==    by 0x4E456DA: start_thread (pthread_create.c:463)
==2756==    by 0x517E61E: clone (clone.S:95)
==2756== 
==2756== 21,853 bytes in 2,051 blocks are definitely lost in loss record 12 of 13
==2756==    at 0x4C31B0F: malloc (in /usr/lib/valgrind/vgpreload_memcheck-amd64-linux.so)
==2756==    by 0x50FA9D9: strdup (strdup.c:42)
==2756==    by 0x109CDC: Capo (in /home/carolina/lab_carolinaferrari/archivio)
==2756==    by 0x4E456DA: start_thread (pthread_create.c:463)
==2756==    by 0x517E61E: clone (clone.S:95)
==2756== 
==2756== 57,455 (32,272 direct, 25,183 indirect) bytes in 2,017 blocks are definitely lost in loss record 13 of 13
==2756==    at 0x4C31B0F: malloc (in /usr/lib/valgrind/vgpreload_memcheck-amd64-linux.so)
==2756==    by 0x1093C0: entry (in /home/carolina/lab_carolinaferrari/archivio)
==2756==    by 0x10949D: aggiungi (in /home/carolina/lab_carolinaferrari/archivio)
==2756==    by 0x109B37: Writer (in /home/carolina/lab_carolinaferrari/archivio)
==2756==    by 0x4E456DA: start_thread (pthread_create.c:463)
==2756==    by 0x517E61E: clone (clone.S:95)
==2756== 
==2756== LEAK SUMMARY:
==2756==    definitely lost: 80,804 bytes in 7,201 blocks
==2756==    indirectly lost: 25,183 bytes in 4,034 blocks
==2756==      possibly lost: 2,176 bytes in 8 blocks
==2756==    still reachable: 729 bytes in 23 blocks
==2756==         suppressed: 0 bytes in 0 blocks
==2756== 
==2756== For counts of detected and suppressed errors, rerun with: -v
==2756== Use --track-origins=yes to see where uninitialised values come from
==2756== ERROR SUMMARY: 43894 errors from 60 contexts (suppressed: 0 from 0)
